<?xml version="1.0" encoding="UTF-8"?>
<!-- Generated by org.testng.reporters.JUnitReportReporter -->
<testsuite skipped="1" hostname="STRL502193" name="io.github.kwbhatti.dataConversionTests.ConvertString" tests="7" failures="0" timestamp="08 Dec 2021 02:39:45 GMT" time="0.016" errors="0">
  <testcase name="convertToInteger" time="0.001" classname="io.github.kwbhatti.dataConversionTests.ConvertString"/>
  <testcase name="convertToShort" time="0.001" classname="io.github.kwbhatti.dataConversionTests.ConvertString"/>
  <testcase name="convertToLong" time="0.001" classname="io.github.kwbhatti.dataConversionTests.ConvertString"/>
  <testcase name="convertToDouble" time="0.001" classname="io.github.kwbhatti.dataConversionTests.ConvertString"/>
  <testcase name="convertToBoolean" time="0.011" classname="io.github.kwbhatti.dataConversionTests.ConvertString"/>
  <testcase name="convertToFloat" time="0.001" classname="io.github.kwbhatti.dataConversionTests.ConvertString"/>
  <testcase name="convertToString" classname="io.github.kwbhatti.dataConversionTests.ConvertString">
    <skipped/>
  </testcase> <!-- convertToString -->
</testsuite> <!-- io.github.kwbhatti.dataConversionTests.ConvertString -->
