<?xml version="1.0" encoding="UTF-8"?>
<!-- Generated by org.testng.reporters.JUnitReportReporter -->
<testsuite skipped="0" hostname="STRL502193" name="io.github.kwbhatti.DataTest" tests="7" failures="0" timestamp="08 Dec 2021 02:27:32 GMT" time="0.013" errors="0">
  <testcase name="convertBoolean" time="0.008" classname="io.github.kwbhatti.DataTest"/>
  <testcase name="convertStringToInteger" time="0.001" classname="io.github.kwbhatti.DataTest"/>
  <testcase name="convertStringToShort" time="0.000" classname="io.github.kwbhatti.DataTest"/>
  <testcase name="convertStringToLong" time="0.000" classname="io.github.kwbhatti.DataTest"/>
  <testcase name="convertStringToDouble" time="0.001" classname="io.github.kwbhatti.DataTest"/>
  <testcase name="convertStringToBoolean" time="0.003" classname="io.github.kwbhatti.DataTest"/>
  <testcase name="convertStringToFloat" time="0.000" classname="io.github.kwbhatti.DataTest"/>
</testsuite> <!-- io.github.kwbhatti.DataTest -->
